{"numTotalTestSuites":6,"numPassedTestSuites":4,"numFailedTestSuites":2,"numPendingTestSuites":0,"numTotalTests":35,"numPassedTests":32,"numFailedTests":3,"numPendingTests":0,"numTodoTests":0,"snapshot":{"added":0,"failure":false,"filesAdded":0,"filesRemoved":0,"filesRemovedList":[],"filesUnmatched":0,"filesUpdated":0,"matched":0,"total":0,"unchecked":0,"uncheckedKeysByFile":[],"unmatched":0,"updated":0,"didUpdate":false},"startTime":1787015966937,"success":false,"testResults":[{"assertionResults":[{"ancestorTitles":["App shell"],"fullName":"App shell shows korean login title for MVP entry point","status":"passed","title":"shows korean login title for MVP entry point","duration":275.28329999999914,"failureMessages":[],"meta":{},"tags":[]},{"ancestorTitles":["App shell"],"fullName":"App shell redirects /login/platform to the merged login page","status":"passed","title":"redirects /login/platform to the merged login page","duration":48.32129999999961,"failureMessages":[],"meta":{},"tags":[]},{"ancestorTitles":["App shell"],"fullName":"App shell allows authenticated user to open /account/password","status":"passed","title":"allows authenticated user to open /account/password","duration":569.7667000000001,"failureMessages":[],"meta":{},"tags":[]},{"ancestorTitles":["App shell"],"fullName":"App shell allows authenticated user to open /account/my-page","status":"passed","title":"allows authenticated user to open /account/my-page","duration":448.03440000000046,"failureMessages":[],"meta":{},"tags":[]},{"ancestorTitles":["App shell"],"fullName":"App shell navigates to /account/password from the user menu on platform dashboard","status":"passed","title":"navigates to /account/password from the user menu on platform dashboard","duration":286.5655999999999,"failureMessages":[],"meta":{},"tags":[]},{"ancestorTitles":["App shell"],"fullName":"App shell redirects unauthenticated user from /account/password to /login","status":"passed","title":"redirects unauthenticated user from /account/password to /login","duration":34.29060000000027,"failureMessages":[],"meta":{},"tags":[]},{"ancestorTitles":["App shell"],"fullName":"App shell routes tenant admin to tenant-first-setup when onboarding is required","status":"failed","title":"routes tenant admin to tenant-first-setup when onboarding is required","duration":3044.1769999999997,"failureMessages":["Error: Unable to find an element by: [data-testid=\"tenant-first-setup-route\"]\n\nIgnored nodes: comments, script, style\n\u001b[36m<body\u001b[39m\n  \u001b[33mstyle\u001b[39m=\u001b[32m\"\"\u001b[39m\n\u001b[36m>\u001b[39m\n  \u001b[36m<div>\u001b[39m\n    \u001b[36m<div\u001b[39m\n      \u001b[33mclass\u001b[39m=\u001b[32m\"MuiBox-root css-18g2xwx\"\u001b[39m\n      \u001b[33mdata-testid\u001b[39m=\u001b[32m\"login-page-shell\"\u001b[39m\n      \u001b[33mdata-theme-mode\u001b[39m=\u001b[32m\"light\"\u001b[39m\n    \u001b[36m>\u001b[39m\n      \u001b[36m<img\u001b[39m\n        \u001b[33malt\u001b[39m=\u001b[32m\"F1FoodLink\"\u001b[39m\n        \u001b[33mclass\u001b[39m=\u001b[32m\"MuiBox-root css-80ryvh\"\u001b[39m\n        \u001b[33msrc\u001b[39m=\u001b[32m\"/f1foodlink_midd.png\"\u001b[39m\n      \u001b[36m/>\u001b[39m\n      \u001b[36m<div\u001b[39m\n        \u001b[33mclass\u001b[39m=\u001b[32m\"MuiBox-root css-1avabk8\"\u001b[39m\n      \u001b[36m>\u001b[39m\n        \u001b[36m<div\u001b[39m\n          \u001b[33mclass\u001b[39m=\u001b[32m\"MuiStack-root css-laxopb-MuiStack-root\"\u001b[39m\n        \u001b[36m>\u001b[39m\n          \u001b[36m<div\u001b[39m\n            \u001b[33mclass\u001b[39m=\u001b[32m\"MuiPaper-root MuiPaper-elevation MuiPaper-rounded MuiPaper-elevation1 MuiCard-root css-16j4gso-MuiPaper-root-MuiCard-root\"\u001b[39m\n            \u001b[33mstyle\u001b[39m=\u001b[32m\"--Paper-shadow: 0px 2px 1px -1px rgba(0,0,0,0.2),0px 1px 1px 0px rgba(0,0,0,0.14),0px 1px 3px 0px rgba(0,0,0,0.12);\"\u001b[39m\n          \u001b[36m>\u001b[39m\n            \u001b[36m<div\u001b[39m\n              \u001b[33mclass\u001b[39m=\u001b[32m\"MuiCardContent-root css-rlldd7-MuiCardContent-root\"\u001b[39m\n            \u001b[36m>\u001b[39m\n              \u001b[36m<div\u001b[39m\n                \u001b[33mclass\u001b[39m=\u001b[32m\"MuiStack-root css-v2woy3-MuiStack-root\"\u001b[39m\n              \u001b[36m>\u001b[39m\n                \u001b[36m<div\u001b[39m\n                  \u001b[33mclass\u001b[39m=\u001b[32m\"MuiBox-root css-xi606m\"\u001b[39m\n                \u001b[36m>\u001b[39m\n                  \u001b[36m<h5\u001b[39m\n                    \u001b[33mclass\u001b[39m=\u001b[32m\"MuiTypography-root MuiTypography-h5 css-19g7k0w-MuiTypography-root\"\u001b[39m\n                  \u001b[36m>\u001b[39m\n                    \u001b[0m로그인\u001b[0m\n                  \u001b[36m</h5>\u001b[39m\n                  \u001b[36m<p\u001b[39m\n                    \u001b[33mclass\u001b[39m=\u001b[32m\"MuiTypography-root MuiTypography-body1 css-433xaq-MuiTypography-root\"\u001b[39m\n                  \u001b[36m>\u001b[39m\n                    \u001b[0m도메인을 포함한 로그인 ID를 입력하세요.\u001b[0m\n                  \u001b[36m</p>\u001b[39m\n                \u001b[36m</div>\u001b[39m\n                \u001b[36m<div\u001b[39m\n                  \u001b[33mclass\u001b[39m=\u001b[32m\"MuiStack-root css-jegtyo-MuiStack-root\"\u001b[39m\n                \u001b[36m>\u001b[39m\n                  \u001b[36m<div\u001b[39m\n                    \u001b[33mclass\u001b[39m=\u001b[32m\"MuiBox-root css-19hsycu\"\u001b[39m\n                  \u001b[36m>\u001b[39m\n                    \u001b[36m<input\u001b[39m\n                      \u001b[33maria-label\u001b[39m=\u001b[32m\"사용자 ID\"\u001b[39m\n                      \u001b[33mclass\u001b[39m=\u001b[32m\"MuiBox-root css-12l1ubm\"\u001b[39m\n                      \u001b[33mplaceholder\u001b[39m=\u001b[32m\"로그인 ID\"\u001b[39m\n                      \u001b[33mvalue\u001b[39m=\u001b[32m\"\"\u001b[39m\n                    \u001b[36m/>\u001b[39m\n                  \u001b[36m</div>\u001b[39m\n                  \u001b[36m<input\u001b[39m\n                    \u001b[33maria-label\u001b[39m=\u001b[32m\"비밀번호\"\u001b[39m\n                    \u001b[33mclass\u001b[39m=\u001b[32m\"MuiBox-root css-1ne3exw\"\u001b[39m\n                    \u001b[33mplaceholder\u001b[39m=\u001b[32m\"비밀번호\"\u001b[39m\n                    \u001b[33mtype\u001b[39m=\u001b[32m\"password\"\u001b[39m\n                    \u001b[33mvalue\u001b[39m=\u001b[32m\"\"\u001b[39m\n                  \u001b[36m/>\u001b[39m\n                \u001b[36m</div>\u001b[39m\n                \u001b[36m<button\u001b[39m\n                  \u001b[33mclass\u001b[39m=\u001b[32m\"MuiBox-root css-n8x1dc\"\u001b[39m\n                  \u001b[33mdisabled\u001b[39m=\u001b[32m\"\"\u001b[39m\n                  \u001b[33mtype\u001b[39m=\u001b[32m\"button\"\u001b[39m\n                \u001b[36m>\u001b[39m\n                  \u001b[0m로그인\u001b[0m\n                \u001b[36m</button>\u001b[39m\n              \u001b[36m</div>\u001b[39m\n            \u001b[36m</div>\u001b[39m\n          \u001b[36m</div>\u001b[39m\n          \u001b[36m<div\u001b[39m\n            \u001b[33mclass\u001b[39m=\u001b[32m\"MuiBox-root css-s2zgu2\"\u001b[39m\n            \u001b[33mdata-testid\u001b[39m=\u001b[32m\"login-notice-bar\"\u001b[39m\n          \u001b[36m>\u001b[39m\n            \u001b[36m<span\u001b[39m\n              \u001b[33mclass\u001b[39m=\u001b[32m\"MuiTypography-root MuiTypography-body1 css-ikh0yd-MuiTypography-root\"\u001b[39m\n            \u001b[36m>\u001b[39m\n              \u001b[0m📢\u001b[0m\n            \u001b[36m</span>\u001b[39m\n            \u001b[36m<p\u001b[39m\n              \u001b[33mclass\u001b[39m=\u001b[32m\"MuiTypography-root MuiTypography-body1 css-1jd746i-MuiTypography-root\"\u001b[39m\n            \u001b[36m>\u001b[39m\n              \u001b[0m공지사항 - 도메인 기반 로그인 라우팅이 적용되었습니다.\u001b[0m\n            \u001b[36m</p>\u001b[39m\n          \u001b[36m</div>\u001b[39m\n        \u001b[36m</div>\u001b[39m\n      \u001b[36m</div>\u001b[39m\n      \u001b[36m<p\u001b[39m\n        \u001b[33mclass\u001b[39m=\u001b[32m\"MuiTypography-root MuiTypography-body1 css-10ctm1b-MuiTypography-root\"\u001b[39m\n        \u001b[33mdata-testid\u001b[39m=\u001b[32m\"login-footer-copyright\"\u001b[39m\n      \u001b[36m>\u001b[39m\n        \u001b[0m© F1soft Inc.\u001b[0m\n      \u001b[36m</p>\u001b[39m\n    \u001b[36m</div>\u001b[39m\n  \u001b[36m</div>\u001b[39m\n\u001b[36m</body>\u001b[39m\n    at waitForWrapper (D:\\f1soft\\dev\\react\\haccp-cloud\\frontend\\node_modules\\@testing-library\\dom\\dist\\wait-for.js:163:27)\n    at D:\\f1soft\\dev\\react\\haccp-cloud\\frontend\\node_modules\\@testing-library\\dom\\dist\\query-helpers.js:86:33\n    at D:/f1soft/dev/react/haccp-cloud/frontend/src/test/app-shell.test.tsx:599:20\n    at file:///D:/f1soft/dev/react/haccp-cloud/frontend/node_modules/@vitest/runner/dist/chunk-artifact.js:302:11\n    at file:///D:/f1soft/dev/react/haccp-cloud/frontend/node_modules/@vitest/runner/dist/chunk-artifact.js:1903:26\n    at file:///D:/f1soft/dev/react/haccp-cloud/frontend/node_modules/@vitest/runner/dist/chunk-artifact.js:2326:20\n    at new Promise (<anonymous>)\n    at runWithCancel (file:///D:/f1soft/dev/react/haccp-cloud/frontend/node_modules/@vitest/runner/dist/chunk-artifact.js:2323:10)\n    at file:///D:/f1soft/dev/react/haccp-cloud/frontend/node_modules/@vitest/runner/dist/chunk-artifact.js:2305:20\n    at new Promise (<anonymous>)"],"meta":{},"tags":[]},{"ancestorTitles":["App shell"],"fullName":"App shell routes PLATFORM_ADMIN state to the platform admin dashboard","status":"passed","title":"routes PLATFORM_ADMIN state to the platform admin dashboard","duration":70.11360000000059,"failureMessages":[],"meta":{},"tags":[]},{"ancestorTitles":["App shell"],"fullName":"App shell allows PLATFORM_ADMIN to access /platform and renders platform admin dashboard","status":"passed","title":"allows PLATFORM_ADMIN to access /platform and renders platform admin dashboard","duration":53.75500000000102,"failureMessages":[],"meta":{},"tags":[]},{"ancestorTitles":["App shell"],"fullName":"App shell falls back to onboardingStatus when onboardingRequired is missing","status":"passed","title":"falls back to onboardingStatus when onboardingRequired is missing","duration":97.5721999999987,"failureMessages":[],"meta":{},"tags":[]},{"ancestorTitles":["App shell"],"fullName":"App shell allows PLATFORM_ADMIN to access platform menu management route","status":"passed","title":"allows PLATFORM_ADMIN to access platform menu management route","duration":426.9459000000006,"failureMessages":[],"meta":{},"tags":[]},{"ancestorTitles":["App shell"],"fullName":"App shell allows TENANT_ADMIN with menu access to open platform menu management route","status":"failed","title":"allows TENANT_ADMIN with menu access to open platform menu management route","duration":164.2474000000002,"failureMessages":["Error: \u001b[2mexpect(\u001b[22m\u001b[31melement\u001b[39m\u001b[2m).toBeInTheDocument()\u001b[22m\n\n\u001b[31melement could not be found in the document\u001b[39m\n    at Proxy.__VITEST_EXTEND_ASSERTION__ (file:///D:/f1soft/dev/react/haccp-cloud/frontend/node_modules/@vitest/expect/dist/index.js:1888:12)\n    at Proxy.<anonymous> (file:///D:/f1soft/dev/react/haccp-cloud/frontend/node_modules/@vitest/expect/dist/index.js:1156:15)\n    at Proxy.methodWrapper (file:///D:/f1soft/dev/react/haccp-cloud/frontend/node_modules/chai/index.js:1700:25)\n    at D:/f1soft/dev/react/haccp-cloud/frontend/src/test/app-shell.test.tsx:696:7\n    at runNextTicks (node:internal/process/task_queues:65:5)\n    at listOnTimeout (node:internal/timers:549:9)\n    at processTimers (node:internal/timers:523:7)\n    at file:///D:/f1soft/dev/react/haccp-cloud/frontend/node_modules/@vitest/runner/dist/chunk-artifact.js:1903:20"],"meta":{},"tags":[]},{"ancestorTitles":["App shell"],"fullName":"App shell redirects USER from /departments to /dashboard","status":"passed","title":"redirects USER from /departments to /dashboard","duration":67.72919999999976,"failureMessages":[],"meta":{},"tags":[]},{"ancestorTitles":["App shell"],"fullName":"App shell redirects USER from /onboarding to /dashboard","status":"passed","title":"redirects USER from /onboarding to /dashboard","duration":61.727499999999054,"failureMessages":[],"meta":{},"tags":[]},{"ancestorTitles":["App shell"],"fullName":"App shell redirects TENANT_ADMIN from /platform/login-history to /dashboard","status":"passed","title":"redirects TENANT_ADMIN from /platform/login-history to /dashboard","duration":41.54739999999947,"failureMessages":[],"meta":{},"tags":[]},{"ancestorTitles":["App shell"],"fullName":"App shell redirects TENANT_ADMIN with onboardingRequired=true from /dashboard to tenant first setup page","status":"failed","title":"redirects TENANT_ADMIN with onboardingRequired=true from /dashboard to tenant first setup page","duration":78.15250000000015,"failureMessages":["Error: \u001b[2mexpect(\u001b[22m\u001b[31melement\u001b[39m\u001b[2m).toBeInTheDocument()\u001b[22m\n\n\u001b[31melement could not be found in the document\u001b[39m\n    at Proxy.__VITEST_EXTEND_ASSERTION__ (file:///D:/f1soft/dev/react/haccp-cloud/frontend/node_modules/@vitest/expect/dist/index.js:1888:12)\n    at Proxy.<anonymous> (file:///D:/f1soft/dev/react/haccp-cloud/frontend/node_modules/@vitest/expect/dist/index.js:1156:15)\n    at Proxy.methodWrapper (file:///D:/f1soft/dev/react/haccp-cloud/frontend/node_modules/chai/index.js:1700:25)\n    at D:/f1soft/dev/react/haccp-cloud/frontend/src/test/app-shell.test.tsx:767:7\n    at runNextTicks (node:internal/process/task_queues:65:5)\n    at listOnTimeout (node:internal/timers:549:9)\n    at processTimers (node:internal/timers:523:7)\n    at file:///D:/f1soft/dev/react/haccp-cloud/frontend/node_modules/@vitest/runner/dist/chunk-artifact.js:1903:20"],"meta":{},"tags":[]},{"ancestorTitles":["App shell"],"fullName":"App shell keeps TENANT_ADMIN on /dashboard when onboardingRequired=false","status":"passed","title":"keeps TENANT_ADMIN on /dashboard when onboardingRequired=false","duration":134.71630000000005,"failureMessages":[],"meta":{},"tags":[]},{"ancestorTitles":["App shell"],"fullName":"App shell redirects TENANT_ADMIN with onboardingRequired=false from /tenant-first-setup to /dashboard","status":"passed","title":"redirects TENANT_ADMIN with onboardingRequired=false from /tenant-first-setup to /dashboard","duration":75.11669999999867,"failureMessages":[],"meta":{},"tags":[]},{"ancestorTitles":["App shell"],"fullName":"App shell redirects PLATFORM_ADMIN from /tenant-first-setup to /dashboard","status":"passed","title":"redirects PLATFORM_ADMIN from /tenant-first-setup to /dashboard","duration":88.01490000000013,"failureMessages":[],"meta":{},"tags":[]},{"ancestorTitles":["App shell"],"fullName":"App shell redirects USER from /tenant-first-setup to /dashboard","status":"passed","title":"redirects USER from /tenant-first-setup to /dashboard","duration":90.23949999999968,"failureMessages":[],"meta":{},"tags":[]},{"ancestorTitles":["App shell"],"fullName":"App shell keeps unauthenticated redirect to /login for restricted routes","status":"passed","title":"keeps unauthenticated redirect to /login for restricted routes","duration":54.61819999999898,"failureMessages":[],"meta":{},"tags":[]},{"ancestorTitles":["App shell"],"fullName":"App shell redirects USER from /platform/menus to /dashboard","status":"passed","title":"redirects USER from /platform/menus to /dashboard","duration":51.19010000000162,"failureMessages":[],"meta":{},"tags":[]}],"startTime":1787015972091,"endTime":1787015978354.1902,"status":"failed","message":"","name":"D:/f1soft/dev/react/haccp-cloud/frontend/src/test/app-shell.test.tsx"},{"assertionResults":[{"ancestorTitles":["dashboardRouting"],"fullName":"dashboardRouting routes PLATFORM_ADMIN with P plan to platform dashboard","status":"passed","title":"routes PLATFORM_ADMIN with P plan to platform dashboard","duration":2.192500000000109,"failureMessages":[],"meta":{},"tags":[]},{"ancestorTitles":["dashboardRouting"],"fullName":"dashboardRouting routes PLATFORM_ADMIN with non-P plan to legacy dashboard","status":"passed","title":"routes PLATFORM_ADMIN with non-P plan to legacy dashboard","duration":0.6679999999996653,"failureMessages":[],"meta":{},"tags":[]},{"ancestorTitles":["dashboardRouting"],"fullName":"dashboardRouting keeps tenant users on legacy dashboard even with P plan","status":"passed","title":"keeps tenant users on legacy dashboard even with P plan","duration":0.4422000000004118,"failureMessages":[],"meta":{},"tags":[]}],"startTime":1787015969924,"endTime":1787015969927.4421,"status":"passed","message":"","name":"D:/f1soft/dev/react/haccp-cloud/frontend/src/test/dashboard-routing.test.ts"},{"assertionResults":[{"ancestorTitles":["Login domain route"],"fullName":"Login domain route renders tenant-branded heading for /login/:domain","status":"passed","title":"renders tenant-branded heading for /login/:domain","duration":598.3589000000002,"failureMessages":[],"meta":{},"tags":[]},{"ancestorTitles":["Login domain route"],"fullName":"Login domain route prefills remembered ID and starts at password step for domain login","status":"passed","title":"prefills remembered ID and starts at password step for domain login","duration":63.348800000000665,"failureMessages":[],"meta":{},"tags":[]},{"ancestorTitles":["Login domain route"],"fullName":"Login domain route returns to ID step when clicking other ID login link","status":"passed","title":"returns to ID step when clicking other ID login link","duration":60.6862000000001,"failureMessages":[],"meta":{},"tags":[]},{"ancestorTitles":["Login domain route"],"fullName":"Login domain route clears ID field and shows recent domain prompt when switching to other domain login","status":"passed","title":"clears ID field and shows recent domain prompt when switching to other domain login","duration":96.0048999999999,"failureMessages":[],"meta":{},"tags":[]},{"ancestorTitles":["Login domain route"],"fullName":"Login domain route shows fallback logo sample when tenant logo is missing","status":"passed","title":"shows fallback logo sample when tenant logo is missing","duration":31.632900000000518,"failureMessages":[],"meta":{},"tags":[]},{"ancestorTitles":["Login domain route"],"fullName":"Login domain route moves to password step when Enter is pressed on ID field","status":"passed","title":"moves to password step when Enter is pressed on ID field","duration":47.24459999999999,"failureMessages":[],"meta":{},"tags":[]},{"ancestorTitles":["Login domain route"],"fullName":"Login domain route focuses password field after clicking next in ID step","status":"passed","title":"focuses password field after clicking next in ID step","duration":75.11689999999999,"failureMessages":[],"meta":{},"tags":[]},{"ancestorTitles":["Login domain route"],"fullName":"Login domain route falls back to generic login when domain lookup fails","status":"passed","title":"falls back to generic login when domain lookup fails","duration":34.73729999999978,"failureMessages":[],"meta":{},"tags":[]},{"ancestorTitles":["Login domain route"],"fullName":"Login domain route keeps generic login screen at /login when there is no login history","status":"passed","title":"keeps generic login screen at /login when there is no login history","duration":32.568600000000515,"failureMessages":[],"meta":{},"tags":[]},{"ancestorTitles":["Login domain route"],"fullName":"Login domain route auto-enters domain login at /login when last domain exists","status":"passed","title":"auto-enters domain login at /login when last domain exists","duration":59.83809999999994,"failureMessages":[],"meta":{},"tags":[]}],"startTime":1787015972071,"endTime":1787015973171.8381,"status":"passed","message":"","name":"D:/f1soft/dev/react/haccp-cloud/frontend/src/test/login-domain-route.test.tsx"}]}